<?xml version="1.0" encoding="UTF-8"?>
<!-- Generated by org.testng.reporters.JUnitReportReporter -->
<testsuite hostname="DESKTOP-EVVDP1U" failures="0" tests="2" name="testPackage.TestClassCheckBox" time="7.331" errors="0" timestamp="2023-03-20T19:10:05 IST" skipped="0">
  <testcase classname="testPackage.TestClassCheckBox" name="VerifyTheBox" time="0.464"/>
  <system-out/>
  <testcase classname="testPackage.TestClassCheckBox" name="verifyWebTable" time="6.867"/>
  <system-out/>
</testsuite> <!-- testPackage.TestClassCheckBox -->
