<?xml version="1.0" encoding="UTF-8"?>
<!-- Generated by org.testng.reporters.JUnitReportReporter -->
<testsuite hostname="DESKTOP-EVVDP1U" failures="0" tests="1" name="testPackage.TestClass" time="3.833" errors="0" timestamp="2023-03-20T19:10:05 IST" skipped="0">
  <testcase classname="testPackage.TestClass" name="verifyTextBoxWithCorrectCredential" time="3.833"/>
  <system-out/>
</testsuite> <!-- testPackage.TestClass -->
